2020-05-28 18:08:19.983 +03:00 [Information] Program Started!
2020-05-28 18:08:21.653 +03:00 [Information] Starting Bot
2020-05-28 18:08:41.128 +03:00 [Information] От пользователя Сергей (t.me/MRSVINC - 294216632) - признак бота:False  
 Получили сообщение: Ghh
2020-05-28 18:08:41.399 +03:00 [Warning] Сказали пользователю Сергей  (294216632) что не шарим слово: ►Ghh◄, сори с уважением
2020-05-28 18:08:49.387 +03:00 [Information] От пользователя Сергей (t.me/MRSVINC - 294216632) - признак бота:False  
 Получили сообщение: Быть
2020-05-28 18:08:49.497 +03:00 [Information] Ответили в чат 294216632 от пользователя 294216632 на запрос пользователя: 
 🇺🇸Cлово:	Быть	🇺🇸 
 1️⃣ форма:	be	
 2️⃣ форма:	was	
 3️⃣ форма:	been	
 ✏️ Предложения со словами: ✏️ 
 📌Do as you would be done by? 
📌Делай, как ты бы сделал?
___________________________________________
📌I wish you were here. 
📌Как бы мне хотелось, чтобы ты был здесь.
___________________________________________
📌Have you ever been to Spain?
📌Вы когда-нибудь были в Испании?
2020-05-28 18:08:49.500 +03:00 [Information] Все отработало как надо из справочника слов
2020-05-28 18:20:16.053 +03:00 [Information] Program Started!
2020-05-28 18:20:17.465 +03:00 [Information] Starting Bot
2020-05-28 18:20:25.325 +03:00 [Information] От пользователя Сергей (t.me/MRSVINC - 294216632) - признак бота:False 
 Получили сообщение: Паа
2020-05-28 18:20:25.812 +03:00 [Warning] Сказали пользователю Сергей  (294216632) что не шарим слово: ►Паа◄, сори с уважением
